<?xml version="1.0" encoding="UTF-8"?>
<testsuite name="com.taeyun.book.testproject.web.IndexControllerTest" tests="1" skipped="0" failures="0" errors="0" timestamp="2021-01-12T11:37:39" hostname="DESKTOP-V8UJVCK" time="0.382">
  <properties/>
  <testcase name="페이지_로딩" classname="com.taeyun.book.testproject.web.IndexControllerTest" time="0.382"/>
  <system-out><![CDATA[20:37:33.013 [Test worker] DEBUG org.springframework.test.context.junit4.SpringJUnit4ClassRunner - SpringJUnit4ClassRunner constructor called with [class com.taeyun.book.testproject.web.IndexControllerTest]
20:37:33.021 [Test worker] DEBUG org.springframework.test.context.BootstrapUtils - Instantiating CacheAwareContextLoaderDelegate from class [org.springframework.test.context.cache.DefaultCacheAwareContextLoaderDelegate]
20:37:33.033 [Test worker] DEBUG org.springframework.test.context.BootstrapUtils - Instantiating BootstrapContext using constructor [public org.springframework.test.context.support.DefaultBootstrapContext(java.lang.Class,org.springframework.test.context.CacheAwareContextLoaderDelegate)]
20:37:33.058 [Test worker] DEBUG org.springframework.test.context.BootstrapUtils - Instantiating TestContextBootstrapper for test class [com.taeyun.book.testproject.web.IndexControllerTest] from class [org.springframework.boot.test.context.SpringBootTestContextBootstrapper]
20:37:33.075 [Test worker] INFO org.springframework.boot.test.context.SpringBootTestContextBootstrapper - Neither @ContextConfiguration nor @ContextHierarchy found for test class [com.taeyun.book.testproject.web.IndexControllerTest], using SpringBootContextLoader
20:37:33.079 [Test worker] DEBUG org.springframework.test.context.support.AbstractContextLoader - Did not detect default resource location for test class [com.taeyun.book.testproject.web.IndexControllerTest]: class path resource [com/taeyun/book/testproject/web/IndexControllerTest-context.xml] does not exist
20:37:33.079 [Test worker] DEBUG org.springframework.test.context.support.AbstractContextLoader - Did not detect default resource location for test class [com.taeyun.book.testproject.web.IndexControllerTest]: class path resource [com/taeyun/book/testproject/web/IndexControllerTestContext.groovy] does not exist
20:37:33.079 [Test worker] INFO org.springframework.test.context.support.AbstractContextLoader - Could not detect default resource locations for test class [com.taeyun.book.testproject.web.IndexControllerTest]: no resource found for suffixes {-context.xml, Context.groovy}.
20:37:33.080 [Test worker] INFO org.springframework.test.context.support.AnnotationConfigContextLoaderUtils - Could not detect default configuration classes for test class [com.taeyun.book.testproject.web.IndexControllerTest]: IndexControllerTest does not declare any static, non-private, non-final, nested classes annotated with @Configuration.
20:37:33.132 [Test worker] DEBUG org.springframework.test.context.support.ActiveProfilesUtils - Could not find an 'annotation declaring class' for annotation type [org.springframework.test.context.ActiveProfiles] and class [com.taeyun.book.testproject.web.IndexControllerTest]
20:37:33.248 [Test worker] DEBUG org.springframework.context.annotation.ClassPathScanningCandidateComponentProvider - Identified candidate component class: file [C:\Users\tae yun kim\IdeaProjects\test-project\build\classes\java\main\com\taeyun\book\testproject\Application.class]
20:37:33.251 [Test worker] INFO org.springframework.boot.test.context.SpringBootTestContextBootstrapper - Found @SpringBootConfiguration com.taeyun.book.testproject.Application for test class com.taeyun.book.testproject.web.IndexControllerTest
20:37:33.368 [Test worker] DEBUG org.springframework.boot.test.context.SpringBootTestContextBootstrapper - @TestExecutionListeners is not present for class [com.taeyun.book.testproject.web.IndexControllerTest]: using defaults.
20:37:33.369 [Test worker] INFO org.springframework.boot.test.context.SpringBootTestContextBootstrapper - Loaded default TestExecutionListener class names from location [META-INF/spring.factories]: [org.springframework.boot.test.autoconfigure.restdocs.RestDocsTestExecutionListener, org.springframework.boot.test.autoconfigure.web.client.MockRestServiceServerResetTestExecutionListener, org.springframework.boot.test.autoconfigure.web.servlet.MockMvcPrintOnlyOnFailureTestExecutionListener, org.springframework.boot.test.autoconfigure.web.servlet.WebDriverTestExecutionListener, org.springframework.boot.test.mock.mockito.MockitoTestExecutionListener, org.springframework.boot.test.mock.mockito.ResetMocksTestExecutionListener, org.springframework.test.context.web.ServletTestExecutionListener, org.springframework.test.context.support.DirtiesContextBeforeModesTestExecutionListener, org.springframework.test.context.support.DependencyInjectionTestExecutionListener, org.springframework.test.context.support.DirtiesContextTestExecutionListener, org.springframework.test.context.transaction.TransactionalTestExecutionListener, org.springframework.test.context.jdbc.SqlScriptsTestExecutionListener]
20:37:33.398 [Test worker] INFO org.springframework.boot.test.context.SpringBootTestContextBootstrapper - Using TestExecutionListeners: [org.springframework.test.context.web.ServletTestExecutionListener@7aef9214, org.springframework.test.context.support.DirtiesContextBeforeModesTestExecutionListener@7fae442a, org.springframework.boot.test.mock.mockito.MockitoTestExecutionListener@6608a417, org.springframework.boot.test.autoconfigure.SpringBootDependencyInjectionTestExecutionListener@37fbe82b, org.springframework.test.context.support.DirtiesContextTestExecutionListener@3102b3f2, org.springframework.test.context.transaction.TransactionalTestExecutionListener@3c802eec, org.springframework.test.context.jdbc.SqlScriptsTestExecutionListener@1f8b1d77, org.springframework.boot.test.autoconfigure.restdocs.RestDocsTestExecutionListener@7759141d, org.springframework.boot.test.autoconfigure.web.client.MockRestServiceServerResetTestExecutionListener@53e0a427, org.springframework.boot.test.autoconfigure.web.servlet.MockMvcPrintOnlyOnFailureTestExecutionListener@6e2a17f9, org.springframework.boot.test.autoconfigure.web.servlet.WebDriverTestExecutionListener@290ddfee, org.springframework.boot.test.mock.mockito.ResetMocksTestExecutionListener@164bdf2e]
20:37:33.402 [Test worker] DEBUG org.springframework.test.annotation.ProfileValueUtils - Retrieved @ProfileValueSourceConfiguration [null] for test class [com.taeyun.book.testproject.web.IndexControllerTest]
20:37:33.402 [Test worker] DEBUG org.springframework.test.annotation.ProfileValueUtils - Retrieved ProfileValueSource type [class org.springframework.test.annotation.SystemProfileValueSource] for class [com.taeyun.book.testproject.web.IndexControllerTest]
20:37:33.407 [Test worker] DEBUG org.springframework.test.annotation.ProfileValueUtils - Retrieved @ProfileValueSourceConfiguration [null] for test class [com.taeyun.book.testproject.web.IndexControllerTest]
20:37:33.407 [Test worker] DEBUG org.springframework.test.annotation.ProfileValueUtils - Retrieved ProfileValueSource type [class org.springframework.test.annotation.SystemProfileValueSource] for class [com.taeyun.book.testproject.web.IndexControllerTest]
20:37:33.407 [Test worker] DEBUG org.springframework.test.annotation.ProfileValueUtils - Retrieved @ProfileValueSourceConfiguration [null] for test class [com.taeyun.book.testproject.web.IndexControllerTest]
20:37:33.408 [Test worker] DEBUG org.springframework.test.annotation.ProfileValueUtils - Retrieved ProfileValueSource type [class org.springframework.test.annotation.SystemProfileValueSource] for class [com.taeyun.book.testproject.web.IndexControllerTest]
20:37:33.413 [Test worker] DEBUG org.springframework.test.context.support.AbstractDirtiesContextTestExecutionListener - Before test class: context [DefaultTestContext@6d5cd1af testClass = IndexControllerTest, testInstance = [null], testMethod = [null], testException = [null], mergedContextConfiguration = [WebMergedContextConfiguration@702aa74c testClass = IndexControllerTest, locations = '{}', classes = '{class com.taeyun.book.testproject.Application}', contextInitializerClasses = '[]', activeProfiles = '{}', propertySourceLocations = '{}', propertySourceProperties = '{org.springframework.boot.test.context.SpringBootTestContextBootstrapper=true, server.port=0}', contextCustomizers = set[org.springframework.boot.test.autoconfigure.properties.PropertyMappingContextCustomizer@0, org.springframework.boot.test.autoconfigure.web.servlet.WebDriverContextCustomizerFactory$Customizer@6a4a729e, org.springframework.boot.test.context.filter.ExcludeFilterContextCustomizer@7946d545, org.springframework.boot.test.json.DuplicateJsonObjectContextCustomizerFactory$DuplicateJsonObjectContextCustomizer@4baa3b2a, org.springframework.boot.test.mock.mockito.MockitoContextCustomizer@0, org.springframework.boot.test.web.client.TestRestTemplateContextCustomizer@13d4551d], resourceBasePath = 'src/main/webapp', contextLoader = 'org.springframework.boot.test.context.SpringBootContextLoader', parent = [null]], attributes = map['org.springframework.test.context.web.ServletTestExecutionListener.activateListener' -> false]], class annotated with @DirtiesContext [false] with mode [null].
20:37:33.414 [Test worker] DEBUG org.springframework.test.annotation.ProfileValueUtils - Retrieved @ProfileValueSourceConfiguration [null] for test class [com.taeyun.book.testproject.web.IndexControllerTest]
20:37:33.414 [Test worker] DEBUG org.springframework.test.annotation.ProfileValueUtils - Retrieved ProfileValueSource type [class org.springframework.test.annotation.SystemProfileValueSource] for class [com.taeyun.book.testproject.web.IndexControllerTest]
20:37:33.419 [Test worker] DEBUG org.springframework.test.context.support.DependencyInjectionTestExecutionListener - Performing dependency injection for test context [[DefaultTestContext@6d5cd1af testClass = IndexControllerTest, testInstance = com.taeyun.book.testproject.web.IndexControllerTest@416c66e3, testMethod = [null], testException = [null], mergedContextConfiguration = [WebMergedContextConfiguration@702aa74c testClass = IndexControllerTest, locations = '{}', classes = '{class com.taeyun.book.testproject.Application}', contextInitializerClasses = '[]', activeProfiles = '{}', propertySourceLocations = '{}', propertySourceProperties = '{org.springframework.boot.test.context.SpringBootTestContextBootstrapper=true, server.port=0}', contextCustomizers = set[org.springframework.boot.test.autoconfigure.properties.PropertyMappingContextCustomizer@0, org.springframework.boot.test.autoconfigure.web.servlet.WebDriverContextCustomizerFactory$Customizer@6a4a729e, org.springframework.boot.test.context.filter.ExcludeFilterContextCustomizer@7946d545, org.springframework.boot.test.json.DuplicateJsonObjectContextCustomizerFactory$DuplicateJsonObjectContextCustomizer@4baa3b2a, org.springframework.boot.test.mock.mockito.MockitoContextCustomizer@0, org.springframework.boot.test.web.client.TestRestTemplateContextCustomizer@13d4551d], resourceBasePath = 'src/main/webapp', contextLoader = 'org.springframework.boot.test.context.SpringBootContextLoader', parent = [null]], attributes = map['org.springframework.test.context.web.ServletTestExecutionListener.activateListener' -> false]]].
20:37:33.441 [Test worker] DEBUG org.springframework.test.context.support.TestPropertySourceUtils - Adding inlined properties to environment: {spring.jmx.enabled=false, org.springframework.boot.test.context.SpringBootTestContextBootstrapper=true, server.port=0}

  .   ____          _            __ _ _
 /\\ / ___'_ __ _ _(_)_ __  __ _ \ \ \ \
( ( )\___ | '_ | '_| | '_ \/ _` | \ \ \ \
 \\/  ___)| |_)| | | | | || (_| |  ) ) ) )
  '  |____| .__|_| |_|_| |_\__, | / / / /
 =========|_|==============|___/=/_/_/_/
 :: Spring Boot ::        (v2.1.7.RELEASE)

2021-01-12 20:37:33.746  INFO 3628 --- [    Test worker] c.t.b.t.web.IndexControllerTest          : Starting IndexControllerTest on DESKTOP-V8UJVCK with PID 3628 (started by tae yun kim in C:\Users\tae yun kim\IdeaProjects\test-project)
2021-01-12 20:37:33.748  INFO 3628 --- [    Test worker] c.t.b.t.web.IndexControllerTest          : No active profile set, falling back to default profiles: default
2021-01-12 20:37:34.566  INFO 3628 --- [    Test worker] .s.d.r.c.RepositoryConfigurationDelegate : Bootstrapping Spring Data repositories in DEFAULT mode.
2021-01-12 20:37:34.658  INFO 3628 --- [    Test worker] .s.d.r.c.RepositoryConfigurationDelegate : Finished Spring Data repository scanning in 82ms. Found 1 repository interfaces.
2021-01-12 20:37:35.155  INFO 3628 --- [    Test worker] trationDelegate$BeanPostProcessorChecker : Bean 'org.springframework.transaction.annotation.ProxyTransactionManagementConfiguration' of type [org.springframework.transaction.annotation.ProxyTransactionManagementConfiguration$$EnhancerBySpringCGLIB$$7170b9a3] is not eligible for getting processed by all BeanPostProcessors (for example: not eligible for auto-proxying)
2021-01-12 20:37:35.657  INFO 3628 --- [    Test worker] o.s.b.w.embedded.tomcat.TomcatWebServer  : Tomcat initialized with port(s): 0 (http)
2021-01-12 20:37:35.694  INFO 3628 --- [    Test worker] o.apache.catalina.core.StandardService   : Starting service [Tomcat]
2021-01-12 20:37:35.694  INFO 3628 --- [    Test worker] org.apache.catalina.core.StandardEngine  : Starting Servlet engine: [Apache Tomcat/9.0.22]
2021-01-12 20:37:35.890  INFO 3628 --- [    Test worker] o.a.c.c.C.[Tomcat].[localhost].[/]       : Initializing Spring embedded WebApplicationContext
2021-01-12 20:37:35.890  INFO 3628 --- [    Test worker] o.s.web.context.ContextLoader            : Root WebApplicationContext: initialization completed in 2118 ms
2021-01-12 20:37:36.214  INFO 3628 --- [    Test worker] com.zaxxer.hikari.HikariDataSource       : HikariPool-1 - Starting...
2021-01-12 20:37:36.408  INFO 3628 --- [    Test worker] com.zaxxer.hikari.HikariDataSource       : HikariPool-1 - Start completed.
2021-01-12 20:37:36.522  INFO 3628 --- [    Test worker] o.hibernate.jpa.internal.util.LogHelper  : HHH000204: Processing PersistenceUnitInfo [
	name: default
	...]
2021-01-12 20:37:36.648  INFO 3628 --- [    Test worker] org.hibernate.Version                    : HHH000412: Hibernate Core {5.3.10.Final}
2021-01-12 20:37:36.651  INFO 3628 --- [    Test worker] org.hibernate.cfg.Environment            : HHH000206: hibernate.properties not found
2021-01-12 20:37:36.898  INFO 3628 --- [    Test worker] o.hibernate.annotations.common.Version   : HCANN000001: Hibernate Commons Annotations {5.0.4.Final}
2021-01-12 20:37:37.108  INFO 3628 --- [    Test worker] org.hibernate.dialect.Dialect            : HHH000400: Using dialect: org.hibernate.dialect.MySQL5InnoDBDialect
Hibernate: drop table if exists posts
Hibernate: create table posts (id bigint not null auto_increment, created_date datetime, modified_date datetime, author varchar(255), content TEXT not null, title varchar(500) not null, primary key (id)) engine=InnoDB
2021-01-12 20:37:37.945  INFO 3628 --- [    Test worker] o.h.t.schema.internal.SchemaCreatorImpl  : HHH000476: Executing import script 'org.hibernate.tool.schema.internal.exec.ScriptSourceInputNonExistentImpl@204c8ed0'
2021-01-12 20:37:37.950  INFO 3628 --- [    Test worker] j.LocalContainerEntityManagerFactoryBean : Initialized JPA EntityManagerFactory for persistence unit 'default'
2021-01-12 20:37:39.068  INFO 3628 --- [    Test worker] o.s.s.concurrent.ThreadPoolTaskExecutor  : Initializing ExecutorService 'applicationTaskExecutor'
2021-01-12 20:37:39.142  WARN 3628 --- [    Test worker] aWebConfiguration$JpaWebMvcConfiguration : spring.jpa.open-in-view is enabled by default. Therefore, database queries may be performed during view rendering. Explicitly configure spring.jpa.open-in-view to disable this warning
2021-01-12 20:37:39.211  INFO 3628 --- [    Test worker] o.s.b.a.w.s.WelcomePageHandlerMapping    : Adding welcome page template: index
2021-01-12 20:37:39.668  INFO 3628 --- [    Test worker] o.s.b.w.embedded.tomcat.TomcatWebServer  : Tomcat started on port(s): 50572 (http) with context path ''
2021-01-12 20:37:39.670  INFO 3628 --- [    Test worker] c.t.b.t.web.IndexControllerTest          : Started IndexControllerTest in 6.227 seconds (JVM running for 8.622)
2021-01-12 20:37:39.880  INFO 3628 --- [o-auto-1-exec-1] o.a.c.c.C.[Tomcat].[localhost].[/]       : Initializing Spring DispatcherServlet 'dispatcherServlet'
2021-01-12 20:37:39.880  INFO 3628 --- [o-auto-1-exec-1] o.s.web.servlet.DispatcherServlet        : Initializing Servlet 'dispatcherServlet'
2021-01-12 20:37:39.914  INFO 3628 --- [o-auto-1-exec-1] o.s.web.servlet.DispatcherServlet        : Completed initialization in 34 ms
]]></system-out>
  <system-err><![CDATA[]]></system-err>
</testsuite>
